
*** Running vivado
    with args -log TOP1.vds -m64 -product Vivado -mode batch -messageDb vivado.pb -notrace -source TOP1.tcl


ECHO est  desactivado.
ECHO est  desactivado.

****** Vivado v2023.1 (64-bit)
  **** SW Build 3865809 on Sun May  7 15:05:29 MDT 2023
  **** IP Build 3864474 on Sun May  7 20:36:21 MDT 2023
  **** SharedData Build 3865790 on Sun May 07 13:33:03 MDT 2023
    ** Copyright 1986-2022 Xilinx, Inc. All Rights Reserved.
    ** Copyright 2022-2023 Advanced Micro Devices, Inc. All Rights Reserved.

source TOP1.tcl -notrace
create_project: Time (s): cpu = 00:00:10 ; elapsed = 00:00:10 . Memory (MB): peak = 466.461 ; gain = 199.180
Command: read_checkpoint -auto_incremental -incremental {C:/Users/Usuario/OneDrive/Escritorio/SED/TRABAJO SED/TRABAJO SED.srcs/utils_1/imports/synth_1/fsm.dcp}
INFO: [Vivado 12-5825] Read reference checkpoint from C:/Users/Usuario/OneDrive/Escritorio/SED/TRABAJO SED/TRABAJO SED.srcs/utils_1/imports/synth_1/fsm.dcp for incremental synthesis
INFO: [Vivado 12-7989] Please ensure there are no constraint changes
Command: synth_design -top TOP1 -part xc7a100tcsg324-1
Starting synth_design
Attempting to get a license for feature 'Synthesis' and/or device 'xc7a100t'
INFO: [Common 17-349] Got license for feature 'Synthesis' and/or device 'xc7a100t'
INFO: [Device 21-403] Loading part xc7a100tcsg324-1
INFO: [Designutils 20-5440] No compile time benefit to using incremental synthesis; A full resynthesis will be run
INFO: [Designutils 20-4379] Flow is switching to default flow due to incremental criteria not met. If you would like to alter this behaviour and have the flow terminate instead, please set the following parameter config_implementation {autoIncr.Synth.RejectBehavior Terminate}
INFO: [Synth 8-7079] Multithreading enabled for synth_design using a maximum of 2 processes.
INFO: [Synth 8-7078] Launching helper process for spawning children vivado processes
INFO: [Synth 8-7075] Helper process launched with PID 9736
---------------------------------------------------------------------------------
Starting RTL Elaboration : Time (s): cpu = 00:00:06 ; elapsed = 00:00:07 . Memory (MB): peak = 1298.434 ; gain = 411.383
---------------------------------------------------------------------------------
INFO: [Synth 8-638] synthesizing module 'TOP1' [C:/Users/Usuario/OneDrive/Escritorio/SED/TRABAJO SED/TRABAJO SED.srcs/sources_1/new/TOP1.vhd:46]
WARNING: [Synth 8-5640] Port 'async_in' is missing in component declaration [C:/Users/Usuario/OneDrive/Escritorio/SED/TRABAJO SED/TRABAJO SED.srcs/sources_1/new/TOP1.vhd:53]
INFO: [Synth 8-3491] module 'SYNCHRNZR' declared at 'C:/Users/Usuario/OneDrive/Escritorio/SED/TRABAJO SED/TRABAJO SED.srcs/sources_1/new/Sincronizador.vhd:24' bound to instance 'sincronizador1' of component 'SYNCHRNZR' [C:/Users/Usuario/OneDrive/Escritorio/SED/TRABAJO SED/TRABAJO SED.srcs/sources_1/new/TOP1.vhd:74]
ERROR: [Synth 8-3493] module 'synchrnzr' declared at 'C:/Users/Usuario/OneDrive/Escritorio/SED/TRABAJO SED/TRABAJO SED.srcs/sources_1/new/Sincronizador.vhd:24' does not have matching formal port for component port 'sync_in' [C:/Users/Usuario/OneDrive/Escritorio/SED/TRABAJO SED/TRABAJO SED.srcs/sources_1/new/TOP1.vhd:74]
ERROR: [Synth 8-285] failed synthesizing module 'TOP1' [C:/Users/Usuario/OneDrive/Escritorio/SED/TRABAJO SED/TRABAJO SED.srcs/sources_1/new/TOP1.vhd:46]
---------------------------------------------------------------------------------
Finished RTL Elaboration : Time (s): cpu = 00:00:08 ; elapsed = 00:00:09 . Memory (MB): peak = 1389.051 ; gain = 502.000
---------------------------------------------------------------------------------
RTL Elaboration failed
INFO: [Common 17-83] Releasing license: Synthesis
12 Infos, 1 Warnings, 0 Critical Warnings and 3 Errors encountered.
synth_design failed
ERROR: [Common 17-69] Command failed: Synthesis failed - please see the console or run log file for details
INFO: [Common 17-206] Exiting Vivado at Tue Dec 12 15:23:02 2023...
